2026-04-22 13:01:59.084 | INFO     | scraping.job_scraper:fetch_url:18 - Fetching https://remotive.com/api/remote-jobs with params None
2026-04-22 13:01:59.672 | INFO     | scraping.job_scraper:save_raw:27 - Saved raw data to data/raw\remotive_20260422_130159.json
2026-04-22 13:01:59.672 | INFO     | __main__:run_job_pipeline:23 - Step 2: Processing and Loading...
2026-04-22 13:02:40.786 | INFO     | scraping.job_scraper:fetch_url:18 - Fetching https://remotive.com/api/remote-jobs with params None
2026-04-22 13:02:41.418 | INFO     | scraping.job_scraper:save_raw:27 - Saved raw data to data/raw\remotive_20260422_130241.json
2026-04-22 13:02:41.422 | INFO     | __main__:run_job_pipeline:23 - Step 2: Processing and Loading...
2026-04-22 13:02:42.883 | INFO     | pipeline.preprocess:load_to_db:89 - Successfully loaded 500 records to database.
2026-04-22 13:02:44.279 | INFO     | pipeline.preprocess:load_to_db:89 - Successfully loaded 500 records to database.
2026-04-22 13:02:44.400 | INFO     | pipeline.preprocess:load_to_db:89 - Successfully loaded 19 records to database.
2026-04-22 13:02:44.682 | INFO     | pipeline.preprocess:load_to_db:89 - Successfully loaded 19 records to database.
2026-04-22 13:02:44.683 | INFO     | __main__:run_job_pipeline:27 - Pipeline Run Completed Successfully.
2026-04-22 13:02:44.732 | INFO     | __main__:<module>:37 - Scheduler started. Running every 24 hours.
2026-04-22 13:28:31.103 | INFO     | scraping.job_scraper:fetch_url:18 - Fetching https://remotive.com/api/remote-jobs with params None
2026-04-22 13:28:31.675 | INFO     | scraping.job_scraper:save_raw:27 - Saved raw data to data/raw\remotive_20260422_132831.json
2026-04-22 13:28:31.679 | INFO     | scraping.html_scraper:scrape:18 - Starting HTML scraping from https://www.arbeitnow.com
2026-04-22 13:28:34.207 | INFO     | scraping.job_scraper:save_raw:27 - Saved raw data to data/raw\html_jobs_20260422_132834.json
2026-04-22 13:28:34.209 | INFO     | __main__:run_job_pipeline:27 - Step 2: Processing and Loading...
2026-04-22 13:28:37.041 | ERROR    | pipeline.preprocess:load_to_db:120 - Error loading to DB: (sqlite3.OperationalError) table job_listings has no column named skills
[SQL: INSERT INTO job_listings (source, external_id, title, company, location, remote, tags, job_type, url, description, posted_at, category, skills) VALUES (?, ?, ?, ?, ?, ?, ?, ?, ?, ?, ?, ?, ?) ON CONFLICT (external_id) DO UPDATE SET title = ?, description = ?, posted_at = ?]
[parameters: ('arbeitnow', 'financal-reporting-specialist-oberkotzau-33959', 'Financal Reporting Specialist (m/w/d)', 'Gamma Communications GmbH', 'Oberkotzau', 0, 'Finance', '', 'https://www.arbeitnow.com/jobs/companies/gamma-communications-gmbh/financal-reporting-specialist-oberkotzau-33959', 'Wir sind die Gamma Holding GmbH \n Als führender Spezialist für IP- und Cloud-Kommunikation in Deutschland verbinden wir Menschen – und gestalten akt ... (2964 characters truncated) ... e oder zum Bewerbungsprozess? Dann kontaktiere uns gerne telefonisch: +49 9286 9404-139. \n Find more  English Speaking Jobs in Germany  on Arbeitnow', '2026-04-22 12:00:44.000000', None, '', 'Financal Reporting Specialist (m/w/d)', 'Wir sind die Gamma Holding GmbH \n Als führender Spezialist für IP- und Cloud-Kommunikation in Deutschland verbinden wir Menschen – und gestalten akt ... (2964 characters truncated) ... e oder zum Bewerbungsprozess? Dann kontaktiere uns gerne telefonisch: +49 9286 9404-139. \n Find more  English Speaking Jobs in Germany  on Arbeitnow', '2026-04-22 12:00:44.000000')]
(Background on this error at: https://sqlalche.me/e/20/e3q8)
2026-04-22 13:28:39.947 | ERROR    | pipeline.preprocess:load_to_db:120 - Error loading to DB: (sqlite3.OperationalError) table job_listings has no column named skills
[SQL: INSERT INTO job_listings (source, external_id, title, company, location, remote, tags, job_type, url, description, posted_at, category, skills) VALUES (?, ?, ?, ?, ?, ?, ?, ?, ?, ?, ?, ?, ?) ON CONFLICT (external_id) DO UPDATE SET title = ?, description = ?, posted_at = ?]
[parameters: ('arbeitnow', 'financal-reporting-specialist-oberkotzau-33959', 'Financal Reporting Specialist (m/w/d)', 'Gamma Communications GmbH', 'Oberkotzau', 0, 'Finance', '', 'https://www.arbeitnow.com/jobs/companies/gamma-communications-gmbh/financal-reporting-specialist-oberkotzau-33959', 'Wir sind die Gamma Holding GmbH \n Als führender Spezialist für IP- und Cloud-Kommunikation in Deutschland verbinden wir Menschen – und gestalten akt ... (2964 characters truncated) ... e oder zum Bewerbungsprozess? Dann kontaktiere uns gerne telefonisch: +49 9286 9404-139. \n Find more  English Speaking Jobs in Germany  on Arbeitnow', '2026-04-22 12:00:44.000000', None, '', 'Financal Reporting Specialist (m/w/d)', 'Wir sind die Gamma Holding GmbH \n Als führender Spezialist für IP- und Cloud-Kommunikation in Deutschland verbinden wir Menschen – und gestalten akt ... (2964 characters truncated) ... e oder zum Bewerbungsprozess? Dann kontaktiere uns gerne telefonisch: +49 9286 9404-139. \n Find more  English Speaking Jobs in Germany  on Arbeitnow', '2026-04-22 12:00:44.000000')]
(Background on this error at: https://sqlalche.me/e/20/e3q8)
2026-04-22 13:28:42.741 | ERROR    | pipeline.preprocess:load_to_db:120 - Error loading to DB: (sqlite3.OperationalError) table job_listings has no column named skills
[SQL: INSERT INTO job_listings (source, external_id, title, company, location, remote, tags, job_type, url, description, posted_at, category, skills) VALUES (?, ?, ?, ?, ?, ?, ?, ?, ?, ?, ?, ?, ?) ON CONFLICT (external_id) DO UPDATE SET title = ?, description = ?, posted_at = ?]
[parameters: ('arbeitnow', 'financal-reporting-specialist-oberkotzau-33959', 'Financal Reporting Specialist (m/w/d)', 'Gamma Communications GmbH', 'Oberkotzau', 0, 'Finance', '', 'https://www.arbeitnow.com/jobs/companies/gamma-communications-gmbh/financal-reporting-specialist-oberkotzau-33959', 'Wir sind die Gamma Holding GmbH \n Als führender Spezialist für IP- und Cloud-Kommunikation in Deutschland verbinden wir Menschen – und gestalten akt ... (2964 characters truncated) ... e oder zum Bewerbungsprozess? Dann kontaktiere uns gerne telefonisch: +49 9286 9404-139. \n Find more  English Speaking Jobs in Germany  on Arbeitnow', '2026-04-22 12:00:44.000000', None, '', 'Financal Reporting Specialist (m/w/d)', 'Wir sind die Gamma Holding GmbH \n Als führender Spezialist für IP- und Cloud-Kommunikation in Deutschland verbinden wir Menschen – und gestalten akt ... (2964 characters truncated) ... e oder zum Bewerbungsprozess? Dann kontaktiere uns gerne telefonisch: +49 9286 9404-139. \n Find more  English Speaking Jobs in Germany  on Arbeitnow', '2026-04-22 12:00:44.000000')]
(Background on this error at: https://sqlalche.me/e/20/e3q8)
2026-04-22 13:28:42.922 | ERROR    | pipeline.preprocess:load_to_db:120 - Error loading to DB: (sqlite3.OperationalError) table job_listings has no column named skills
[SQL: INSERT INTO job_listings (source, external_id, title, company, location, remote, tags, job_type, url, description, posted_at, category, skills) VALUES (?, ?, ?, ?, ?, ?, ?, ?, ?, ?, ?, ?, ?) ON CONFLICT (external_id) DO UPDATE SET title = ?, description = ?, posted_at = ?]
[parameters: ('remotive', '2088656', 'Customer Retention Manager', 'AutoHDR', 'USA', 1, 'AI/ML,editing,startup', 'full_time', 'https://remotive.com/remote-jobs/customer-service/customer-retention-manager-2088656', 'Role:  Customer Success Representative \n AutoHDR is the fastest growing AI startup in real estate media. We train custom image editing models for re ... (2180 characters truncated) ...  in the world at what they do. We are extremely compeitive, and will settle for nothing other than being the #1 player for AI real estate editing. \n', '2026-04-16 21:16:09.000000', 'Customer Service', '', 'Customer Retention Manager', 'Role:  Customer Success Representative \n AutoHDR is the fastest growing AI startup in real estate media. We train custom image editing models for re ... (2180 characters truncated) ...  in the world at what they do. We are extremely compeitive, and will settle for nothing other than being the #1 player for AI real estate editing. \n', '2026-04-16 21:16:09.000000')]
(Background on this error at: https://sqlalche.me/e/20/e3q8)
2026-04-22 13:28:43.085 | ERROR    | pipeline.preprocess:load_to_db:120 - Error loading to DB: (sqlite3.OperationalError) table job_listings has no column named skills
[SQL: INSERT INTO job_listings (source, external_id, title, company, location, remote, tags, job_type, url, description, posted_at, category, skills) VALUES (?, ?, ?, ?, ?, ?, ?, ?, ?, ?, ?, ?, ?) ON CONFLICT (external_id) DO UPDATE SET title = ?, description = ?, posted_at = ?]
[parameters: ('remotive', '2088656', 'Customer Retention Manager', 'AutoHDR', 'USA', 1, 'AI/ML,editing,startup', 'full_time', 'https://remotive.com/remote-jobs/customer-service/customer-retention-manager-2088656', 'Role:  Customer Success Representative \n AutoHDR is the fastest growing AI startup in real estate media. We train custom image editing models for re ... (2180 characters truncated) ...  in the world at what they do. We are extremely compeitive, and will settle for nothing other than being the #1 player for AI real estate editing. \n', '2026-04-16 21:16:09.000000', 'Customer Service', '', 'Customer Retention Manager', 'Role:  Customer Success Representative \n AutoHDR is the fastest growing AI startup in real estate media. We train custom image editing models for re ... (2180 characters truncated) ...  in the world at what they do. We are extremely compeitive, and will settle for nothing other than being the #1 player for AI real estate editing. \n', '2026-04-16 21:16:09.000000')]
(Background on this error at: https://sqlalche.me/e/20/e3q8)
2026-04-22 13:28:43.259 | ERROR    | pipeline.preprocess:load_to_db:120 - Error loading to DB: (sqlite3.OperationalError) table job_listings has no column named skills
[SQL: INSERT INTO job_listings (source, external_id, title, company, location, remote, tags, job_type, url, description, posted_at, category, skills) VALUES (?, ?, ?, ?, ?, ?, ?, ?, ?, ?, ?, ?, ?) ON CONFLICT (external_id) DO UPDATE SET title = ?, description = ?, posted_at = ?]
[parameters: ('remotive', '2088656', 'Customer Retention Manager', 'AutoHDR', 'USA', 1, 'AI/ML,editing,startup', 'full_time', 'https://remotive.com/remote-jobs/customer-service/customer-retention-manager-2088656', 'Role:  Customer Success Representative \n AutoHDR is the fastest growing AI startup in real estate media. We train custom image editing models for re ... (2180 characters truncated) ...  in the world at what they do. We are extremely compeitive, and will settle for nothing other than being the #1 player for AI real estate editing. \n', '2026-04-16 21:16:09.000000', 'Customer Service', '', 'Customer Retention Manager', 'Role:  Customer Success Representative \n AutoHDR is the fastest growing AI startup in real estate media. We train custom image editing models for re ... (2180 characters truncated) ...  in the world at what they do. We are extremely compeitive, and will settle for nothing other than being the #1 player for AI real estate editing. \n', '2026-04-16 21:16:09.000000')]
(Background on this error at: https://sqlalche.me/e/20/e3q8)
2026-04-22 13:28:43.259 | INFO     | __main__:run_job_pipeline:31 - Pipeline Run Completed Successfully.
2026-04-22 13:28:43.273 | INFO     | __main__:<module>:41 - Scheduler started. Running every 24 hours.
2026-04-22 13:34:54.683 | INFO     | scraping.job_scraper:fetch_url:18 - Fetching https://remotive.com/api/remote-jobs with params None
2026-04-22 13:34:55.258 | INFO     | scraping.job_scraper:save_raw:27 - Saved raw data to data/raw\remotive_20260422_133455.json
2026-04-22 13:34:55.260 | INFO     | scraping.html_scraper:scrape:18 - Starting HTML scraping from https://www.arbeitnow.com
2026-04-22 13:34:57.711 | INFO     | scraping.job_scraper:save_raw:27 - Saved raw data to data/raw\html_jobs_20260422_133457.json
2026-04-22 13:34:57.714 | INFO     | __main__:run_job_pipeline:27 - Step 2: Processing and Loading...
2026-04-22 13:35:02.892 | INFO     | pipeline.preprocess:load_to_db:117 - Successfully loaded 500 records to database.
2026-04-22 13:35:06.939 | INFO     | pipeline.preprocess:load_to_db:117 - Successfully loaded 500 records to database.
2026-04-22 13:35:11.066 | INFO     | pipeline.preprocess:load_to_db:117 - Successfully loaded 500 records to database.
2026-04-22 13:35:14.492 | INFO     | pipeline.preprocess:load_to_db:117 - Successfully loaded 500 records to database.
2026-04-22 13:35:14.690 | INFO     | pipeline.preprocess:load_to_db:117 - Successfully loaded 19 records to database.
2026-04-22 13:35:14.952 | INFO     | pipeline.preprocess:load_to_db:117 - Successfully loaded 19 records to database.
2026-04-22 13:35:15.148 | INFO     | pipeline.preprocess:load_to_db:117 - Successfully loaded 19 records to database.
2026-04-22 13:35:15.343 | INFO     | pipeline.preprocess:load_to_db:117 - Successfully loaded 19 records to database.
2026-04-22 13:35:15.345 | INFO     | __main__:run_job_pipeline:31 - Pipeline Run Completed Successfully.
2026-04-22 13:35:15.355 | INFO     | __main__:<module>:41 - Scheduler started. Running every 24 hours.
